2025-11-11 14:57:48,240 - core.logger - INFO - Инициализация сервисов...
2025-11-11 14:57:48,256 - core.logger - INFO - Бот запущен. Ожидание событий...
2025-11-11 14:57:48,349 - dispatcher - INFO - Бот: @t75_hakaton_bot first_name=Хакатон 75 id=74579177
2025-11-11 14:57:48,350 - dispatcher - INFO - 18 событий на обработку
2025-11-11 14:59:25,699 - core.logger - INFO - Получена команда /start от user_id=95639429
2025-11-11 14:59:25,794 - dispatcher - INFO - Обработано: 0 | UpdateType.MESSAGE_CREATED | chat_id: 29535084, user_id: 95639429
2025-11-11 15:00:00,218 - core.logger - INFO - Инициализация сервисов...
2025-11-11 15:00:00,239 - core.logger - INFO - Бот запущен. Ожидание событий...
2025-11-11 15:00:03,313 - dispatcher - INFO - Бот: @t75_hakaton_bot first_name=Хакатон 75 id=74579177
2025-11-11 15:00:03,313 - dispatcher - INFO - 18 событий на обработку
2025-11-11 15:00:16,631 - core.logger - INFO - Инициализация сервисов...
2025-11-11 15:00:16,640 - core.logger - INFO - Бот запущен. Ожидание событий...
2025-11-11 15:00:19,716 - dispatcher - INFO - Бот: @t75_hakaton_bot first_name=Хакатон 75 id=74579177
2025-11-11 15:00:19,716 - dispatcher - INFO - 18 событий на обработку
2025-11-11 15:00:26,528 - dispatcher - INFO - Обработано: 0 | UpdateType.MESSAGE_CALLBACK | chat_id: 29535084, user_id: 95639429
2025-11-11 15:00:29,960 - core.logger - INFO - Получена команда /start от user_id=95639429
2025-11-11 15:00:30,042 - dispatcher - INFO - Обработано: 0 | UpdateType.MESSAGE_CREATED | chat_id: 29535084, user_id: 95639429
2025-11-11 15:05:34,246 - core.logger - INFO - Инициализация сервисов...
2025-11-11 15:05:34,264 - core.logger - INFO - Бот запущен. Ожидание событий...
2025-11-11 15:05:34,373 - dispatcher - INFO - Бот: @t75_hakaton_bot first_name=Хакатон 75 id=74579177
2025-11-11 15:05:34,373 - dispatcher - INFO - 18 событий на обработку
2025-11-11 15:06:03,585 | core.logger | INFO | Инициализация сервисов...
2025-11-11 15:06:03,596 | core.logger | INFO | Бот запущен. Ожидание событий...
2025-11-11 15:06:03,953 | dispatcher | INFO | Бот: @t75_hakaton_bot first_name=Хакатон 75 id=74579177
2025-11-11 15:06:03,953 | dispatcher | INFO | 18 событий на обработку
2025-11-11 15:06:09,900 | core.logger | INFO | Получена команда /my_qa от user_id=74579177
2025-11-11 15:06:09,994 | dispatcher | INFO | Обработано: 0 | UpdateType.MESSAGE_CALLBACK | chat_id: 29535084, user_id: 95639429
2025-11-11 15:06:13,900 | core.logger | INFO | Получена команда /my_qa от user_id=74579177
2025-11-11 15:06:14,240 | dispatcher | INFO | Обработано: 0 | UpdateType.MESSAGE_CALLBACK | chat_id: 29535084, user_id: 95639429
2025-11-11 15:06:15,860 | core.logger | INFO | Получена команда /my_qa от user_id=74579177
2025-11-11 15:06:15,994 | dispatcher | INFO | Обработано: 0 | UpdateType.MESSAGE_CALLBACK | chat_id: 29535084, user_id: 95639429
2025-11-11 15:06:17,550 | core.logger | INFO | Получена команда /my_qa от user_id=74579177
2025-11-11 15:06:17,634 | dispatcher | INFO | Обработано: 0 | UpdateType.MESSAGE_CALLBACK | chat_id: 29535084, user_id: 95639429
2025-11-11 15:06:23,494 | core.logger | INFO | Получена команда /start_quiz от user_id=74579177
2025-11-11 15:06:23,583 | dispatcher | INFO | Обработано: 0 | UpdateType.MESSAGE_CALLBACK | chat_id: 29535084, user_id: 95639429
2025-11-11 15:06:24,694 | core.logger | INFO | Получена команда /settings от user_id=74579177
2025-11-11 15:06:24,782 | dispatcher | INFO | Обработано: 0 | UpdateType.MESSAGE_CALLBACK | chat_id: 29535084, user_id: 95639429
2025-11-11 15:06:37,492 | dispatcher | INFO | Обработано: 0 | UpdateType.MESSAGE_CALLBACK | chat_id: 29535084, user_id: 95639429
2025-11-11 15:06:38,587 | core.logger | INFO | Получена команда /stop_quiz от user_id=74579177
2025-11-11 15:06:38,669 | dispatcher | INFO | Обработано: 0 | UpdateType.MESSAGE_CALLBACK | chat_id: 29535084, user_id: 95639429
2025-11-11 15:06:40,417 | core.logger | INFO | Получена команда /stats от user_id=74579177
2025-11-11 15:06:40,527 | dispatcher | INFO | Обработано: 0 | UpdateType.MESSAGE_CALLBACK | chat_id: 29535084, user_id: 95639429
2025-11-11 15:06:43,525 | core.logger | INFO | Получена команда /help от user_id=74579177
2025-11-11 15:06:43,612 | dispatcher | INFO | Обработано: 0 | UpdateType.MESSAGE_CALLBACK | chat_id: 29535084, user_id: 95639429
2025-11-11 15:06:45,171 | core.logger | INFO | Получена команда /settings от user_id=74579177
2025-11-11 15:06:45,267 | dispatcher | INFO | Обработано: 0 | UpdateType.MESSAGE_CALLBACK | chat_id: 29535084, user_id: 95639429
2025-11-11 15:06:46,063 | core.logger | INFO | Получена команда /start_quiz от user_id=74579177
2025-11-11 15:06:46,147 | dispatcher | INFO | Обработано: 0 | UpdateType.MESSAGE_CALLBACK | chat_id: 29535084, user_id: 95639429
2025-11-11 15:06:47,334 | core.logger | INFO | Получена команда /my_qa от user_id=74579177
2025-11-11 15:06:47,422 | dispatcher | INFO | Обработано: 0 | UpdateType.MESSAGE_CALLBACK | chat_id: 29535084, user_id: 95639429
2025-11-11 15:06:48,681 | dispatcher | INFO | Обработано: 0 | UpdateType.MESSAGE_CALLBACK | chat_id: 29535084, user_id: 95639429
2025-11-11 15:06:49,429 | core.logger | INFO | Получена команда /stop_quiz от user_id=74579177
2025-11-11 15:06:49,509 | dispatcher | INFO | Обработано: 0 | UpdateType.MESSAGE_CALLBACK | chat_id: 29535084, user_id: 95639429
2025-11-11 15:06:50,447 | core.logger | INFO | Получена команда /stats от user_id=74579177
2025-11-11 15:06:50,541 | dispatcher | INFO | Обработано: 0 | UpdateType.MESSAGE_CALLBACK | chat_id: 29535084, user_id: 95639429
2025-11-11 15:06:51,442 | core.logger | INFO | Получена команда /help от user_id=74579177
2025-11-11 15:06:51,531 | dispatcher | INFO | Обработано: 0 | UpdateType.MESSAGE_CALLBACK | chat_id: 29535084, user_id: 95639429
2025-11-11 15:06:54,723 | core.logger | INFO | Получена команда /settings от user_id=74579177
2025-11-11 15:06:54,800 | dispatcher | INFO | Обработано: 0 | UpdateType.MESSAGE_CALLBACK | chat_id: 29535084, user_id: 95639429
2025-11-11 15:06:55,548 | core.logger | INFO | Получена команда /settings от user_id=74579177
2025-11-11 15:06:55,632 | dispatcher | INFO | Обработано: 0 | UpdateType.MESSAGE_CALLBACK | chat_id: 29535084, user_id: 95639429
2025-11-11 15:06:56,600 | core.logger | INFO | Получена команда /settings от user_id=74579177
2025-11-11 15:06:56,690 | dispatcher | INFO | Обработано: 0 | UpdateType.MESSAGE_CALLBACK | chat_id: 29535084, user_id: 95639429
2025-11-11 15:06:56,761 | core.logger | INFO | Получена команда /settings от user_id=74579177
2025-11-11 15:06:56,840 | dispatcher | INFO | Обработано: 0 | UpdateType.MESSAGE_CALLBACK | chat_id: 29535084, user_id: 95639429
2025-11-11 15:06:57,788 | core.logger | INFO | Получена команда /settings от user_id=74579177
2025-11-11 15:06:57,870 | dispatcher | INFO | Обработано: 0 | UpdateType.MESSAGE_CALLBACK | chat_id: 29535084, user_id: 95639429
2025-11-11 15:06:59,227 | core.logger | INFO | Получена команда /settings от user_id=74579177
2025-11-11 15:06:59,313 | dispatcher | INFO | Обработано: 0 | UpdateType.MESSAGE_CALLBACK | chat_id: 29535084, user_id: 95639429
2025-11-11 15:07:00,455 | core.logger | INFO | Получена команда /settings от user_id=74579177
2025-11-11 15:07:00,546 | dispatcher | INFO | Обработано: 0 | UpdateType.MESSAGE_CALLBACK | chat_id: 29535084, user_id: 95639429
2025-11-11 15:07:01,079 | core.logger | INFO | Получена команда /settings от user_id=74579177
2025-11-11 15:07:01,168 | dispatcher | INFO | Обработано: 0 | UpdateType.MESSAGE_CALLBACK | chat_id: 29535084, user_id: 95639429
2025-11-11 15:07:02,364 | core.logger | INFO | Получена команда /settings от user_id=74579177
2025-11-11 15:07:02,458 | dispatcher | INFO | Обработано: 0 | UpdateType.MESSAGE_CALLBACK | chat_id: 29535084, user_id: 95639429
2025-11-11 15:07:03,173 | core.logger | INFO | Получена команда /settings от user_id=74579177
2025-11-11 15:07:03,253 | dispatcher | INFO | Обработано: 0 | UpdateType.MESSAGE_CALLBACK | chat_id: 29535084, user_id: 95639429
2025-11-11 15:07:03,845 | core.logger | INFO | Получена команда /settings от user_id=74579177
2025-11-11 15:07:03,925 | dispatcher | INFO | Обработано: 0 | UpdateType.MESSAGE_CALLBACK | chat_id: 29535084, user_id: 95639429
2025-11-11 15:07:04,479 | core.logger | INFO | Получена команда /settings от user_id=74579177
2025-11-11 15:07:04,570 | dispatcher | INFO | Обработано: 0 | UpdateType.MESSAGE_CALLBACK | chat_id: 29535084, user_id: 95639429
2025-11-11 15:07:05,104 | core.logger | INFO | Получена команда /settings от user_id=74579177
2025-11-11 15:07:05,185 | dispatcher | INFO | Обработано: 0 | UpdateType.MESSAGE_CALLBACK | chat_id: 29535084, user_id: 95639429
2025-11-11 15:07:06,104 | core.logger | INFO | Получена команда /settings от user_id=74579177
2025-11-11 15:07:06,187 | dispatcher | INFO | Обработано: 0 | UpdateType.MESSAGE_CALLBACK | chat_id: 29535084, user_id: 95639429
2025-11-11 15:07:07,079 | core.logger | INFO | Получена команда /settings от user_id=74579177
2025-11-11 15:07:07,222 | dispatcher | INFO | Обработано: 0 | UpdateType.MESSAGE_CALLBACK | chat_id: 29535084, user_id: 95639429
2025-11-11 15:07:07,818 | core.logger | INFO | Получена команда /settings от user_id=74579177
2025-11-11 15:07:07,913 | dispatcher | INFO | Обработано: 0 | UpdateType.MESSAGE_CALLBACK | chat_id: 29535084, user_id: 95639429
2025-11-11 15:07:08,510 | core.logger | INFO | Получена команда /settings от user_id=74579177
2025-11-11 15:07:08,596 | dispatcher | INFO | Обработано: 0 | UpdateType.MESSAGE_CALLBACK | chat_id: 29535084, user_id: 95639429
2025-11-11 15:07:09,165 | core.logger | INFO | Получена команда /settings от user_id=74579177
2025-11-11 15:07:09,263 | dispatcher | INFO | Обработано: 0 | UpdateType.MESSAGE_CALLBACK | chat_id: 29535084, user_id: 95639429
2025-11-11 15:07:09,886 | core.logger | INFO | Получена команда /settings от user_id=74579177
2025-11-11 15:07:09,969 | dispatcher | INFO | Обработано: 0 | UpdateType.MESSAGE_CALLBACK | chat_id: 29535084, user_id: 95639429
2025-11-11 15:07:11,047 | core.logger | INFO | Получена команда /settings от user_id=74579177
2025-11-11 15:07:11,146 | dispatcher | INFO | Обработано: 0 | UpdateType.MESSAGE_CALLBACK | chat_id: 29535084, user_id: 95639429
2025-11-11 15:07:11,781 | core.logger | INFO | Получена команда /settings от user_id=74579177
2025-11-11 15:07:11,872 | dispatcher | INFO | Обработано: 0 | UpdateType.MESSAGE_CALLBACK | chat_id: 29535084, user_id: 95639429
2025-11-11 15:07:12,466 | core.logger | INFO | Получена команда /settings от user_id=74579177
2025-11-11 15:07:12,553 | dispatcher | INFO | Обработано: 0 | UpdateType.MESSAGE_CALLBACK | chat_id: 29535084, user_id: 95639429
2025-11-11 15:07:13,287 | core.logger | INFO | Получена команда /settings от user_id=74579177
2025-11-11 15:07:13,365 | dispatcher | INFO | Обработано: 0 | UpdateType.MESSAGE_CALLBACK | chat_id: 29535084, user_id: 95639429
2025-11-11 15:07:14,129 | core.logger | INFO | Получена команда /settings от user_id=74579177
2025-11-11 15:07:14,230 | dispatcher | INFO | Обработано: 0 | UpdateType.MESSAGE_CALLBACK | chat_id: 29535084, user_id: 95639429
2025-11-11 15:07:14,608 | core.logger | INFO | Получена команда /settings от user_id=74579177
2025-11-11 15:07:14,696 | dispatcher | INFO | Обработано: 0 | UpdateType.MESSAGE_CALLBACK | chat_id: 29535084, user_id: 95639429
2025-11-11 15:07:15,290 | core.logger | INFO | Получена команда /settings от user_id=74579177
2025-11-11 15:07:15,372 | dispatcher | INFO | Обработано: 0 | UpdateType.MESSAGE_CALLBACK | chat_id: 29535084, user_id: 95639429
2025-11-11 15:07:15,805 | core.logger | INFO | Получена команда /settings от user_id=74579177
2025-11-11 15:07:15,899 | dispatcher | INFO | Обработано: 0 | UpdateType.MESSAGE_CALLBACK | chat_id: 29535084, user_id: 95639429
2025-11-11 15:07:16,389 | core.logger | INFO | Получена команда /settings от user_id=74579177
2025-11-11 15:07:16,474 | dispatcher | INFO | Обработано: 0 | UpdateType.MESSAGE_CALLBACK | chat_id: 29535084, user_id: 95639429
2025-11-11 15:07:17,171 | core.logger | INFO | Получена команда /settings от user_id=74579177
2025-11-11 15:07:17,247 | dispatcher | INFO | Обработано: 0 | UpdateType.MESSAGE_CALLBACK | chat_id: 29535084, user_id: 95639429
2025-11-11 15:07:17,906 | core.logger | INFO | Получена команда /settings от user_id=74579177
2025-11-11 15:07:17,998 | dispatcher | INFO | Обработано: 0 | UpdateType.MESSAGE_CALLBACK | chat_id: 29535084, user_id: 95639429
2025-11-11 15:07:18,650 | core.logger | INFO | Получена команда /settings от user_id=74579177
2025-11-11 15:07:18,740 | dispatcher | INFO | Обработано: 0 | UpdateType.MESSAGE_CALLBACK | chat_id: 29535084, user_id: 95639429
2025-11-11 15:07:19,576 | core.logger | INFO | Получена команда /settings от user_id=74579177
2025-11-11 15:07:19,666 | dispatcher | INFO | Обработано: 0 | UpdateType.MESSAGE_CALLBACK | chat_id: 29535084, user_id: 95639429
2025-11-11 15:07:20,236 | core.logger | INFO | Получена команда /settings от user_id=74579177
2025-11-11 15:07:20,334 | dispatcher | INFO | Обработано: 0 | UpdateType.MESSAGE_CALLBACK | chat_id: 29535084, user_id: 95639429
2025-11-11 15:07:20,914 | core.logger | INFO | Получена команда /settings от user_id=74579177
2025-11-11 15:07:21,003 | dispatcher | INFO | Обработано: 0 | UpdateType.MESSAGE_CALLBACK | chat_id: 29535084, user_id: 95639429
2025-11-11 15:07:21,580 | core.logger | INFO | Получена команда /settings от user_id=74579177
2025-11-11 15:07:21,669 | dispatcher | INFO | Обработано: 0 | UpdateType.MESSAGE_CALLBACK | chat_id: 29535084, user_id: 95639429
2025-11-11 15:07:22,301 | core.logger | INFO | Получена команда /settings от user_id=74579177
2025-11-11 15:07:22,410 | dispatcher | INFO | Обработано: 0 | UpdateType.MESSAGE_CALLBACK | chat_id: 29535084, user_id: 95639429
2025-11-11 15:07:23,055 | core.logger | INFO | Получена команда /settings от user_id=74579177
2025-11-11 15:07:23,138 | dispatcher | INFO | Обработано: 0 | UpdateType.MESSAGE_CALLBACK | chat_id: 29535084, user_id: 95639429
2025-11-11 15:07:23,961 | core.logger | INFO | Получена команда /settings от user_id=74579177
2025-11-11 15:07:24,065 | dispatcher | INFO | Обработано: 0 | UpdateType.MESSAGE_CALLBACK | chat_id: 29535084, user_id: 95639429
2025-11-11 15:07:24,677 | core.logger | INFO | Получена команда /settings от user_id=74579177
2025-11-11 15:07:24,772 | dispatcher | INFO | Обработано: 0 | UpdateType.MESSAGE_CALLBACK | chat_id: 29535084, user_id: 95639429
2025-11-11 15:07:26,333 | core.logger | INFO | Получена команда /start_quiz от user_id=74579177
2025-11-11 15:07:26,437 | dispatcher | INFO | Обработано: 0 | UpdateType.MESSAGE_CALLBACK | chat_id: 29535084, user_id: 95639429
2025-11-11 15:07:26,822 | core.logger | INFO | Получена команда /my_qa от user_id=74579177
2025-11-11 15:07:26,913 | dispatcher | INFO | Обработано: 0 | UpdateType.MESSAGE_CALLBACK | chat_id: 29535084, user_id: 95639429
2025-11-11 15:07:27,548 | dispatcher | INFO | Обработано: 0 | UpdateType.MESSAGE_CALLBACK | chat_id: 29535084, user_id: 95639429
2025-11-11 15:07:27,979 | core.logger | INFO | Получена команда /stop_quiz от user_id=74579177
2025-11-11 15:07:28,071 | dispatcher | INFO | Обработано: 0 | UpdateType.MESSAGE_CALLBACK | chat_id: 29535084, user_id: 95639429
2025-11-11 15:07:29,752 | core.logger | INFO | Получена команда /stats от user_id=74579177
2025-11-11 15:07:29,832 | dispatcher | INFO | Обработано: 0 | UpdateType.MESSAGE_CALLBACK | chat_id: 29535084, user_id: 95639429
2025-11-11 15:07:30,272 | core.logger | INFO | Получена команда /help от user_id=74579177
2025-11-11 15:07:30,361 | dispatcher | INFO | Обработано: 0 | UpdateType.MESSAGE_CALLBACK | chat_id: 29535084, user_id: 95639429
2025-11-11 15:07:30,975 | core.logger | INFO | Получена команда /help от user_id=74579177
2025-11-11 15:07:31,055 | dispatcher | INFO | Обработано: 0 | UpdateType.MESSAGE_CALLBACK | chat_id: 29535084, user_id: 95639429
2025-11-11 15:07:31,796 | core.logger | INFO | Получена команда /help от user_id=74579177
2025-11-11 15:07:31,880 | dispatcher | INFO | Обработано: 0 | UpdateType.MESSAGE_CALLBACK | chat_id: 29535084, user_id: 95639429
2025-11-11 15:07:32,338 | core.logger | INFO | Получена команда /help от user_id=74579177
2025-11-11 15:07:32,420 | dispatcher | INFO | Обработано: 0 | UpdateType.MESSAGE_CALLBACK | chat_id: 29535084, user_id: 95639429
2025-11-11 15:07:33,085 | core.logger | INFO | Получена команда /help от user_id=74579177
2025-11-11 15:07:33,172 | dispatcher | INFO | Обработано: 0 | UpdateType.MESSAGE_CALLBACK | chat_id: 29535084, user_id: 95639429
2025-11-11 15:07:33,467 | core.logger | INFO | Получена команда /help от user_id=74579177
2025-11-11 15:07:33,560 | dispatcher | INFO | Обработано: 0 | UpdateType.MESSAGE_CALLBACK | chat_id: 29535084, user_id: 95639429
2025-11-11 15:07:34,138 | core.logger | INFO | Получена команда /help от user_id=74579177
2025-11-11 15:07:34,224 | dispatcher | INFO | Обработано: 0 | UpdateType.MESSAGE_CALLBACK | chat_id: 29535084, user_id: 95639429
2025-11-11 15:07:34,876 | core.logger | INFO | Получена команда /help от user_id=74579177
2025-11-11 15:07:34,975 | dispatcher | INFO | Обработано: 0 | UpdateType.MESSAGE_CALLBACK | chat_id: 29535084, user_id: 95639429
2025-11-11 15:07:35,553 | core.logger | INFO | Получена команда /help от user_id=74579177
2025-11-11 15:07:35,639 | dispatcher | INFO | Обработано: 0 | UpdateType.MESSAGE_CALLBACK | chat_id: 29535084, user_id: 95639429
2025-11-11 15:07:36,252 | core.logger | INFO | Получена команда /help от user_id=74579177
2025-11-11 15:07:36,335 | dispatcher | INFO | Обработано: 0 | UpdateType.MESSAGE_CALLBACK | chat_id: 29535084, user_id: 95639429
2025-11-11 15:07:36,912 | core.logger | INFO | Получена команда /help от user_id=74579177
2025-11-11 15:07:37,003 | dispatcher | INFO | Обработано: 0 | UpdateType.MESSAGE_CALLBACK | chat_id: 29535084, user_id: 95639429
2025-11-11 15:07:37,533 | core.logger | INFO | Получена команда /help от user_id=74579177
2025-11-11 15:07:37,627 | dispatcher | INFO | Обработано: 0 | UpdateType.MESSAGE_CALLBACK | chat_id: 29535084, user_id: 95639429
2025-11-11 15:07:38,189 | core.logger | INFO | Получена команда /help от user_id=74579177
2025-11-11 15:07:38,276 | dispatcher | INFO | Обработано: 0 | UpdateType.MESSAGE_CALLBACK | chat_id: 29535084, user_id: 95639429
2025-11-11 15:07:39,218 | core.logger | INFO | Получена команда /stats от user_id=74579177
2025-11-11 15:07:39,326 | dispatcher | INFO | Обработано: 0 | UpdateType.MESSAGE_CALLBACK | chat_id: 29535084, user_id: 95639429
2025-11-11 15:07:39,855 | core.logger | INFO | Получена команда /settings от user_id=74579177
2025-11-11 15:07:39,944 | dispatcher | INFO | Обработано: 0 | UpdateType.MESSAGE_CALLBACK | chat_id: 29535084, user_id: 95639429
2025-11-11 15:07:40,564 | core.logger | INFO | Получена команда /start_quiz от user_id=74579177
2025-11-11 15:07:40,666 | dispatcher | INFO | Обработано: 0 | UpdateType.MESSAGE_CALLBACK | chat_id: 29535084, user_id: 95639429
2025-11-11 15:07:41,283 | core.logger | INFO | Получена команда /stop_quiz от user_id=74579177
2025-11-11 15:07:41,370 | dispatcher | INFO | Обработано: 0 | UpdateType.MESSAGE_CALLBACK | chat_id: 29535084, user_id: 95639429
2025-11-11 15:07:42,768 | core.logger | INFO | Получена команда /my_qa от user_id=74579177
2025-11-11 15:07:42,854 | dispatcher | INFO | Обработано: 0 | UpdateType.MESSAGE_CALLBACK | chat_id: 29535084, user_id: 95639429
2025-11-11 15:07:43,297 | dispatcher | INFO | Обработано: 0 | UpdateType.MESSAGE_CALLBACK | chat_id: 29535084, user_id: 95639429
2025-11-11 15:07:43,954 | core.logger | INFO | Получена команда /stop_quiz от user_id=74579177
2025-11-11 15:07:44,049 | dispatcher | INFO | Обработано: 0 | UpdateType.MESSAGE_CALLBACK | chat_id: 29535084, user_id: 95639429
2025-11-11 15:07:44,451 | core.logger | INFO | Получена команда /stats от user_id=74579177
2025-11-11 15:07:44,538 | dispatcher | INFO | Обработано: 0 | UpdateType.MESSAGE_CALLBACK | chat_id: 29535084, user_id: 95639429
2025-11-11 15:07:45,117 | core.logger | INFO | Получена команда /help от user_id=74579177
2025-11-11 15:07:45,202 | dispatcher | INFO | Обработано: 0 | UpdateType.MESSAGE_CALLBACK | chat_id: 29535084, user_id: 95639429
2025-11-11 15:07:45,830 | core.logger | INFO | Получена команда /help от user_id=74579177
2025-11-11 15:07:45,920 | dispatcher | INFO | Обработано: 0 | UpdateType.MESSAGE_CALLBACK | chat_id: 29535084, user_id: 95639429
2025-11-11 15:07:46,488 | core.logger | INFO | Получена команда /start_quiz от user_id=74579177
2025-11-11 15:07:46,573 | dispatcher | INFO | Обработано: 0 | UpdateType.MESSAGE_CALLBACK | chat_id: 29535084, user_id: 95639429
2025-11-11 15:07:46,974 | core.logger | INFO | Получена команда /my_qa от user_id=74579177
2025-11-11 15:07:47,058 | dispatcher | INFO | Обработано: 0 | UpdateType.MESSAGE_CALLBACK | chat_id: 29535084, user_id: 95639429
2025-11-11 15:07:48,734 | core.logger | INFO | Получена команда /my_qa от user_id=74579177
2025-11-11 15:07:48,816 | dispatcher | INFO | Обработано: 0 | UpdateType.MESSAGE_CALLBACK | chat_id: 29535084, user_id: 95639429
2025-11-11 15:07:49,265 | dispatcher | INFO | Обработано: 0 | UpdateType.MESSAGE_CALLBACK | chat_id: 29535084, user_id: 95639429
2025-11-11 15:07:49,812 | core.logger | INFO | Получена команда /stop_quiz от user_id=74579177
2025-11-11 15:07:49,902 | dispatcher | INFO | Обработано: 0 | UpdateType.MESSAGE_CALLBACK | chat_id: 29535084, user_id: 95639429
2025-11-11 15:07:50,263 | core.logger | INFO | Получена команда /stats от user_id=74579177
2025-11-11 15:07:50,348 | dispatcher | INFO | Обработано: 0 | UpdateType.MESSAGE_CALLBACK | chat_id: 29535084, user_id: 95639429
2025-11-11 15:07:50,995 | core.logger | INFO | Получена команда /help от user_id=74579177
2025-11-11 15:07:51,076 | dispatcher | INFO | Обработано: 0 | UpdateType.MESSAGE_CALLBACK | chat_id: 29535084, user_id: 95639429
2025-11-11 15:07:52,173 | core.logger | INFO | Получена команда /settings от user_id=74579177
2025-11-11 15:07:52,259 | dispatcher | INFO | Обработано: 0 | UpdateType.MESSAGE_CALLBACK | chat_id: 29535084, user_id: 95639429
2025-11-11 15:07:52,359 | core.logger | INFO | Получена команда /start_quiz от user_id=74579177
2025-11-11 15:07:52,442 | dispatcher | INFO | Обработано: 0 | UpdateType.MESSAGE_CALLBACK | chat_id: 29535084, user_id: 95639429
2025-11-11 15:07:52,443 | core.logger | INFO | Получена команда /start_quiz от user_id=74579177
2025-11-11 15:07:52,525 | dispatcher | INFO | Обработано: 0 | UpdateType.MESSAGE_CALLBACK | chat_id: 29535084, user_id: 95639429
2025-11-11 15:07:52,580 | core.logger | INFO | Получена команда /start_quiz от user_id=74579177
2025-11-11 15:07:52,657 | dispatcher | INFO | Обработано: 0 | UpdateType.MESSAGE_CALLBACK | chat_id: 29535084, user_id: 95639429
2025-11-11 15:07:52,717 | core.logger | INFO | Получена команда /start_quiz от user_id=74579177
2025-11-11 15:07:52,804 | dispatcher | INFO | Обработано: 0 | UpdateType.MESSAGE_CALLBACK | chat_id: 29535084, user_id: 95639429
2025-11-11 15:07:53,017 | core.logger | INFO | Получена команда /start_quiz от user_id=74579177
2025-11-11 15:07:53,106 | dispatcher | INFO | Обработано: 0 | UpdateType.MESSAGE_CALLBACK | chat_id: 29535084, user_id: 95639429
2025-11-11 15:07:53,336 | core.logger | INFO | Получена команда /start_quiz от user_id=74579177
2025-11-11 15:07:53,429 | dispatcher | INFO | Обработано: 0 | UpdateType.MESSAGE_CALLBACK | chat_id: 29535084, user_id: 95639429
2025-11-11 15:07:53,791 | core.logger | INFO | Получена команда /start_quiz от user_id=74579177
2025-11-11 15:07:53,885 | dispatcher | INFO | Обработано: 0 | UpdateType.MESSAGE_CALLBACK | chat_id: 29535084, user_id: 95639429
2025-11-11 15:07:54,113 | core.logger | INFO | Получена команда /start_quiz от user_id=74579177
2025-11-11 15:07:54,210 | dispatcher | INFO | Обработано: 0 | UpdateType.MESSAGE_CALLBACK | chat_id: 29535084, user_id: 95639429
2025-11-11 15:07:54,438 | core.logger | INFO | Получена команда /start_quiz от user_id=74579177
2025-11-11 15:07:54,531 | dispatcher | INFO | Обработано: 0 | UpdateType.MESSAGE_CALLBACK | chat_id: 29535084, user_id: 95639429
2025-11-11 15:07:54,737 | core.logger | INFO | Получена команда /start_quiz от user_id=74579177
2025-11-11 15:07:54,823 | dispatcher | INFO | Обработано: 0 | UpdateType.MESSAGE_CALLBACK | chat_id: 29535084, user_id: 95639429
2025-11-11 15:07:55,069 | core.logger | INFO | Получена команда /start_quiz от user_id=74579177
2025-11-11 15:07:55,153 | dispatcher | INFO | Обработано: 0 | UpdateType.MESSAGE_CALLBACK | chat_id: 29535084, user_id: 95639429
2025-11-11 15:07:55,602 | core.logger | INFO | Получена команда /start_quiz от user_id=74579177
2025-11-11 15:07:55,685 | dispatcher | INFO | Обработано: 0 | UpdateType.MESSAGE_CALLBACK | chat_id: 29535084, user_id: 95639429
2025-11-11 15:07:55,752 | core.logger | INFO | Получена команда /start_quiz от user_id=74579177
2025-11-11 15:07:55,832 | dispatcher | INFO | Обработано: 0 | UpdateType.MESSAGE_CALLBACK | chat_id: 29535084, user_id: 95639429
2025-11-11 15:07:56,018 | core.logger | INFO | Получена команда /start_quiz от user_id=74579177
2025-11-11 15:07:56,099 | dispatcher | INFO | Обработано: 0 | UpdateType.MESSAGE_CALLBACK | chat_id: 29535084, user_id: 95639429
2025-11-11 15:07:56,335 | core.logger | INFO | Получена команда /start_quiz от user_id=74579177
2025-11-11 15:07:56,414 | dispatcher | INFO | Обработано: 0 | UpdateType.MESSAGE_CALLBACK | chat_id: 29535084, user_id: 95639429
2025-11-11 15:07:56,638 | core.logger | INFO | Получена команда /start_quiz от user_id=74579177
2025-11-11 15:07:56,722 | dispatcher | INFO | Обработано: 0 | UpdateType.MESSAGE_CALLBACK | chat_id: 29535084, user_id: 95639429
2025-11-11 15:07:56,965 | core.logger | INFO | Получена команда /start_quiz от user_id=74579177
2025-11-11 15:07:57,055 | dispatcher | INFO | Обработано: 0 | UpdateType.MESSAGE_CALLBACK | chat_id: 29535084, user_id: 95639429
2025-11-11 15:07:57,275 | core.logger | INFO | Получена команда /start_quiz от user_id=74579177
2025-11-11 15:07:57,361 | dispatcher | INFO | Обработано: 0 | UpdateType.MESSAGE_CALLBACK | chat_id: 29535084, user_id: 95639429
2025-11-11 15:07:58,928 | core.logger | INFO | Получена команда /start от user_id=95639429
2025-11-11 15:07:59,012 | dispatcher | INFO | Обработано: 0 | UpdateType.MESSAGE_CREATED | chat_id: 29535084, user_id: 95639429
2025-11-11 15:08:00,590 | core.logger | INFO | Получена команда /start от user_id=95639429
2025-11-11 15:08:00,680 | dispatcher | INFO | Обработано: 0 | UpdateType.MESSAGE_CREATED | chat_id: 29535084, user_id: 95639429
2025-11-11 15:08:01,373 | core.logger | INFO | Получена команда /start от user_id=95639429
2025-11-11 15:08:01,460 | dispatcher | INFO | Обработано: 0 | UpdateType.MESSAGE_CREATED | chat_id: 29535084, user_id: 95639429
2025-11-11 15:08:02,012 | core.logger | INFO | Получена команда /start от user_id=95639429
2025-11-11 15:08:02,100 | dispatcher | INFO | Обработано: 0 | UpdateType.MESSAGE_CREATED | chat_id: 29535084, user_id: 95639429
2025-11-11 15:08:02,653 | core.logger | INFO | Получена команда /start от user_id=95639429
2025-11-11 15:08:02,731 | dispatcher | INFO | Обработано: 0 | UpdateType.MESSAGE_CREATED | chat_id: 29535084, user_id: 95639429
2025-11-11 15:08:04,375 | core.logger | INFO | Получена команда /start от user_id=95639429
2025-11-11 15:08:04,470 | dispatcher | INFO | Обработано: 0 | UpdateType.MESSAGE_CREATED | chat_id: 29535084, user_id: 95639429
2025-11-11 15:08:05,086 | core.logger | INFO | Получена команда /start от user_id=95639429
2025-11-11 15:08:05,178 | dispatcher | INFO | Обработано: 0 | UpdateType.MESSAGE_CREATED | chat_id: 29535084, user_id: 95639429
2025-11-11 15:08:05,672 | core.logger | INFO | Получена команда /start от user_id=95639429
2025-11-11 15:08:05,749 | dispatcher | INFO | Обработано: 0 | UpdateType.MESSAGE_CREATED | chat_id: 29535084, user_id: 95639429
2025-11-11 15:08:06,524 | core.logger | INFO | Получена команда /start от user_id=95639429
2025-11-11 15:08:06,620 | dispatcher | INFO | Обработано: 0 | UpdateType.MESSAGE_CREATED | chat_id: 29535084, user_id: 95639429
2025-11-11 15:08:08,005 | core.logger | INFO | Получена команда /start от user_id=95639429
2025-11-11 15:08:08,101 | dispatcher | INFO | Обработано: 0 | UpdateType.MESSAGE_CREATED | chat_id: 29535084, user_id: 95639429
2025-11-11 15:08:08,768 | core.logger | INFO | Получена команда /start от user_id=95639429
2025-11-11 15:08:08,852 | dispatcher | INFO | Обработано: 0 | UpdateType.MESSAGE_CREATED | chat_id: 29535084, user_id: 95639429
2025-11-11 15:08:09,708 | core.logger | INFO | Получена команда /start от user_id=95639429
2025-11-11 15:08:09,798 | dispatcher | INFO | Обработано: 0 | UpdateType.MESSAGE_CREATED | chat_id: 29535084, user_id: 95639429
2025-11-11 15:08:10,377 | core.logger | INFO | Получена команда /start от user_id=95639429
2025-11-11 15:08:10,471 | dispatcher | INFO | Обработано: 0 | UpdateType.MESSAGE_CREATED | chat_id: 29535084, user_id: 95639429
2025-11-11 15:08:12,218 | core.logger | INFO | Получена команда /start от user_id=95639429
2025-11-11 15:08:12,304 | dispatcher | INFO | Обработано: 0 | UpdateType.MESSAGE_CREATED | chat_id: 29535084, user_id: 95639429
2025-11-11 15:08:12,963 | core.logger | INFO | Получена команда /start от user_id=95639429
2025-11-11 15:08:13,049 | dispatcher | INFO | Обработано: 0 | UpdateType.MESSAGE_CREATED | chat_id: 29535084, user_id: 95639429
2025-11-11 15:08:13,649 | core.logger | INFO | Получена команда /start от user_id=95639429
2025-11-11 15:08:13,734 | dispatcher | INFO | Обработано: 0 | UpdateType.MESSAGE_CREATED | chat_id: 29535084, user_id: 95639429
2025-11-11 15:08:14,354 | core.logger | INFO | Получена команда /start от user_id=95639429
2025-11-11 15:08:14,440 | dispatcher | INFO | Обработано: 0 | UpdateType.MESSAGE_CREATED | chat_id: 29535084, user_id: 95639429
2025-11-11 15:08:16,252 | core.logger | INFO | Получена команда /start от user_id=95639429
2025-11-11 15:08:16,340 | dispatcher | INFO | Обработано: 0 | UpdateType.MESSAGE_CREATED | chat_id: 29535084, user_id: 95639429
2025-11-11 15:08:16,952 | core.logger | INFO | Получена команда /start от user_id=95639429
2025-11-11 15:08:17,036 | dispatcher | INFO | Обработано: 0 | UpdateType.MESSAGE_CREATED | chat_id: 29535084, user_id: 95639429
2025-11-11 15:08:17,713 | core.logger | INFO | Получена команда /start от user_id=95639429
2025-11-11 15:08:17,806 | dispatcher | INFO | Обработано: 0 | UpdateType.MESSAGE_CREATED | chat_id: 29535084, user_id: 95639429
2025-11-11 15:08:18,399 | core.logger | INFO | Получена команда /start от user_id=95639429
2025-11-11 15:08:18,485 | dispatcher | INFO | Обработано: 0 | UpdateType.MESSAGE_CREATED | chat_id: 29535084, user_id: 95639429
2025-11-11 15:08:20,212 | core.logger | INFO | Получена команда /start от user_id=95639429
2025-11-11 15:08:20,301 | dispatcher | INFO | Обработано: 0 | UpdateType.MESSAGE_CREATED | chat_id: 29535084, user_id: 95639429
2025-11-11 15:08:20,862 | core.logger | INFO | Получена команда /start от user_id=95639429
2025-11-11 15:08:20,960 | dispatcher | INFO | Обработано: 0 | UpdateType.MESSAGE_CREATED | chat_id: 29535084, user_id: 95639429
2025-11-11 15:08:21,559 | core.logger | INFO | Получена команда /start от user_id=95639429
2025-11-11 15:08:21,659 | dispatcher | INFO | Обработано: 0 | UpdateType.MESSAGE_CREATED | chat_id: 29535084, user_id: 95639429
2025-11-11 15:08:22,224 | core.logger | INFO | Получена команда /start от user_id=95639429
2025-11-11 15:08:22,313 | dispatcher | INFO | Обработано: 0 | UpdateType.MESSAGE_CREATED | chat_id: 29535084, user_id: 95639429
