2025-11-11 17:07:37,630 | core.logger | INFO | Логгер инициализирован. Лог-файл: bot_data\logs\bot_2025-11-11_17-07-37.log
2025-11-11 17:07:37,632 | core.logger | INFO | Инициализация сервисов...
2025-11-11 17:07:37,638 | core.logger | INFO | Бот запущен. Ожидание событий...
2025-11-11 17:07:37,742 | dispatcher | INFO | Бот: @t75_hakaton_bot first_name=Хакатон 75 id=74579177
2025-11-11 17:07:37,743 | dispatcher | INFO | 18 событий на обработку
2025-11-11 17:07:42,948 | core.logger | INFO | Получена команда /start от user_id=95639429
2025-11-11 17:07:43,026 | dispatcher | INFO | Обработано: router_id: 0 | UpdateType.MESSAGE_CREATED | chat_id: 29535084, user_id: 95639429
2025-11-11 17:07:45,047 | core.logger | INFO | Получена команда /stats от user_id=95639429
2025-11-11 17:07:45,118 | dispatcher | INFO | Обработано: router_id: 0 | UpdateType.MESSAGE_CALLBACK | chat_id: 29535084, user_id: 95639429
2025-11-11 17:07:52,149 | core.logger | INFO | Получена команда /start_quiz от user_id=95639429
2025-11-11 17:07:52,153 | services.quiz_manager | INFO | Smart quiz started for user 95639429
2025-11-11 17:07:52,226 | dispatcher | INFO | Обработано: router_id: 0 | UpdateType.MESSAGE_CALLBACK | chat_id: 29535084, user_id: 95639429
2025-11-11 17:09:14,266 | services.quiz_manager | INFO | Sent smart question to 95639429: Столица Франции
2025-11-11 17:09:19,871 | dispatcher | INFO | Обработано: router_id: 0 | UpdateType.MESSAGE_CREATED | chat_id: 29535084, user_id: 95639429
2025-11-11 17:09:26,325 | core.logger | INFO | Получена команда /stop_quiz от user_id=95639429
2025-11-11 17:09:26,325 | services.quiz_manager | INFO | Quiz stopped for user 95639429
2025-11-11 17:09:26,407 | dispatcher | INFO | Обработано: router_id: 0 | UpdateType.MESSAGE_CALLBACK | chat_id: 29535084, user_id: 95639429
2025-11-11 17:09:34,830 | core.logger | INFO | Получена команда /stats от user_id=95639429
2025-11-11 17:09:34,901 | dispatcher | INFO | Обработано: router_id: 0 | UpdateType.MESSAGE_CALLBACK | chat_id: 29535084, user_id: 95639429
2025-11-11 17:10:30,272 | services.quiz_manager | WARNING | Запущен smart_quiz_scheduler для 95639429, task_id=83610496
2025-11-11 17:14:06,445 | core.logger | INFO | Остановка бота...
2025-11-11 17:14:06,445 | core.logger | INFO | Викторины остановлены. Бот завершил работу.
2025-11-11 17:14:06,445 | core.logger | INFO | Бот остановлен пользователем
2025-11-11 17:14:06,457 | asyncio | ERROR | Unclosed client session
client_session: <aiohttp.client.ClientSession object at 0x0000000004EA1CD0>
