2025-11-12 17:15:27,653 | core.logger | INFO | Логгер инициализирован. Лог-файл: bot_data\logs\bot_2025-11-12_17-15-27.log
2025-11-12 17:15:27,656 | core.logger | INFO | Инициализация сервисов...
2025-11-12 17:15:27,687 | core.logger | INFO | Бот запущен. Ожидание событий...
2025-11-12 17:15:27,784 | dispatcher | INFO | Бот: @t75_hakaton_bot first_name=Хакатон 75 id=74579177
2025-11-12 17:15:27,784 | dispatcher | INFO | 18 событий на обработку
2025-11-12 17:15:30,895 | core.logger | INFO | Получена команда /start от user_id=95639429
2025-11-12 17:15:30,962 | dispatcher | INFO | Обработано: router_id: 0 | UpdateType.MESSAGE_CREATED | chat_id: 29535084, user_id: 95639429
2025-11-12 17:15:32,360 | core.logger | INFO | Получена команда /settings от user_id=95639429
2025-11-12 17:15:32,444 | dispatcher | INFO | Обработано: router_id: 0 | UpdateType.MESSAGE_CALLBACK | chat_id: 29535084, user_id: 95639429
2025-11-12 17:15:37,933 | dispatcher | INFO | Обработано: router_id: 0 | UpdateType.MESSAGE_CREATED | chat_id: 29535084, user_id: 95639429
2025-11-12 17:15:39,189 | services.quiz_manager | INFO | Quiz stopped for user 95639429
2025-11-12 17:15:39,269 | dispatcher | INFO | Обработано: router_id: 0 | UpdateType.MESSAGE_CALLBACK | chat_id: 29535084, user_id: 95639429
2025-11-12 17:15:43,501 | dispatcher | INFO | Обработано: router_id: 0 | UpdateType.MESSAGE_CREATED | chat_id: 29535084, user_id: 95639429
2025-11-12 17:15:50,159 | core.logger | INFO | Получена команда /start от user_id=95639429
2025-11-12 17:15:50,227 | dispatcher | INFO | Обработано: router_id: 0 | UpdateType.MESSAGE_CREATED | chat_id: 29535084, user_id: 95639429
2025-11-12 17:15:51,317 | core.logger | INFO | Получена команда /settings от user_id=95639429
2025-11-12 17:15:51,405 | dispatcher | INFO | Обработано: router_id: 0 | UpdateType.MESSAGE_CALLBACK | chat_id: 29535084, user_id: 95639429
2025-11-12 17:16:24,862 | dispatcher | INFO | Обработано: router_id: 0 | UpdateType.MESSAGE_CREATED | chat_id: 29535084, user_id: 95639429
2025-11-12 17:16:26,319 | dispatcher | INFO | Обработано: router_id: 0 | UpdateType.MESSAGE_CALLBACK | chat_id: 29535084, user_id: 95639429
2025-11-12 17:17:22,271 | core.logger | INFO | Остановка бота...
2025-11-12 17:17:22,271 | core.logger | INFO | Викторины остановлены. Бот завершил работу.
2025-11-12 17:17:22,273 | core.logger | INFO | Бот остановлен пользователем
2025-11-12 17:17:22,288 | asyncio | ERROR | Unclosed client session
client_session: <aiohttp.client.ClientSession object at 0x00000000031B1F50>
