2025-11-11 17:32:40,093 | core.logger | INFO | Логгер инициализирован. Лог-файл: bot_data\logs\bot_2025-11-11_17-32-40.log
2025-11-11 17:32:40,095 | core.logger | INFO | Инициализация сервисов...
2025-11-11 17:32:40,098 | core.logger | INFO | Бот запущен. Ожидание событий...
2025-11-11 17:32:40,189 | dispatcher | INFO | Бот: @t75_hakaton_bot first_name=Хакатон 75 id=74579177
2025-11-11 17:32:40,190 | dispatcher | INFO | 18 событий на обработку
2025-11-11 17:32:45,570 | core.logger | INFO | Получена команда /start от user_id=95639429
2025-11-11 17:32:45,637 | dispatcher | INFO | Обработано: router_id: 0 | UpdateType.MESSAGE_CREATED | chat_id: 29535084, user_id: 95639429
2025-11-11 17:32:46,669 | core.logger | INFO | Получена команда /stats от user_id=95639429
2025-11-11 17:32:46,745 | dispatcher | INFO | Обработано: router_id: 0 | UpdateType.MESSAGE_CALLBACK | chat_id: 29535084, user_id: 95639429
2025-11-11 17:32:50,095 | core.logger | INFO | Получена команда /my_qa от user_id=95639429
2025-11-11 17:32:50,160 | dispatcher | INFO | Обработано: router_id: 0 | UpdateType.MESSAGE_CALLBACK | chat_id: 29535084, user_id: 95639429
2025-11-11 17:32:55,297 | core.logger | INFO | Получена команда /start_quiz от user_id=95639429
2025-11-11 17:32:55,299 | services.quiz_manager | INFO | Smart quiz started for user 95639429
2025-11-11 17:32:55,368 | dispatcher | INFO | Обработано: router_id: 0 | UpdateType.MESSAGE_CALLBACK | chat_id: 29535084, user_id: 95639429
2025-11-11 17:33:27,398 | services.quiz_manager | INFO | Sent smart question to 95639429: 2 + 2?
2025-11-11 17:33:29,636 | dispatcher | INFO | Обработано: router_id: 0 | UpdateType.MESSAGE_CREATED | chat_id: 29535084, user_id: 95639429
2025-11-11 17:33:34,135 | core.logger | INFO | Получена команда /stop_quiz от user_id=95639429
2025-11-11 17:33:34,135 | services.quiz_manager | INFO | Quiz stopped for user 95639429
2025-11-11 17:33:34,205 | dispatcher | INFO | Обработано: router_id: 0 | UpdateType.MESSAGE_CALLBACK | chat_id: 29535084, user_id: 95639429
2025-11-11 17:33:35,336 | core.logger | INFO | Получена команда /stats от user_id=95639429
2025-11-11 17:33:35,404 | dispatcher | INFO | Обработано: router_id: 0 | UpdateType.MESSAGE_CALLBACK | chat_id: 29535084, user_id: 95639429
2025-11-11 17:34:24,410 | services.quiz_manager | WARNING | Запущен smart_quiz_scheduler для 95639429, task_id=83626688
2025-11-11 17:36:40,416 | core.logger | INFO | Остановка бота...
2025-11-11 17:36:40,417 | core.logger | INFO | Викторины остановлены. Бот завершил работу.
2025-11-11 17:36:40,418 | core.logger | INFO | Бот остановлен пользователем
2025-11-11 17:36:40,432 | asyncio | ERROR | Unclosed client session
client_session: <aiohttp.client.ClientSession object at 0x0000000004E8F550>
