2025-11-11 17:24:50,644 | core.logger | INFO | Логгер инициализирован. Лог-файл: bot_data\logs\bot_2025-11-11_17-24-50.log
2025-11-11 17:24:50,644 | core.logger | INFO | Инициализация сервисов...
2025-11-11 17:24:50,649 | core.logger | INFO | Бот запущен. Ожидание событий...
2025-11-11 17:24:50,736 | dispatcher | INFO | Бот: @t75_hakaton_bot first_name=Хакатон 75 id=74579177
2025-11-11 17:24:50,736 | dispatcher | INFO | 18 событий на обработку
2025-11-11 17:24:56,926 | core.logger | INFO | Получена команда /start от user_id=95639429
2025-11-11 17:24:56,999 | dispatcher | INFO | Обработано: router_id: 0 | UpdateType.MESSAGE_CREATED | chat_id: 29535084, user_id: 95639429
2025-11-11 17:24:58,425 | core.logger | INFO | Получена команда /start_quiz от user_id=95639429
2025-11-11 17:24:58,427 | services.quiz_manager | INFO | Smart quiz started for user 95639429
2025-11-11 17:24:58,494 | dispatcher | INFO | Обработано: router_id: 0 | UpdateType.MESSAGE_CALLBACK | chat_id: 29535084, user_id: 95639429
2025-11-11 17:26:41,547 | services.quiz_manager | INFO | Sent smart question to 95639429: 2 + 2?
2025-11-11 17:26:46,046 | dispatcher | INFO | Обработано: router_id: 0 | UpdateType.MESSAGE_CREATED | chat_id: 29535084, user_id: 95639429
2025-11-11 17:26:49,966 | core.logger | INFO | Получена команда /stop_quiz от user_id=95639429
2025-11-11 17:26:49,967 | services.quiz_manager | INFO | Quiz stopped for user 95639429
2025-11-11 17:26:50,035 | dispatcher | INFO | Обработано: router_id: 0 | UpdateType.MESSAGE_CALLBACK | chat_id: 29535084, user_id: 95639429
2025-11-11 17:26:58,256 | core.logger | INFO | Получена команда /stats от user_id=95639429
2025-11-11 17:26:58,377 | dispatcher | INFO | Обработано: router_id: 0 | UpdateType.MESSAGE_CALLBACK | chat_id: 29535084, user_id: 95639429
2025-11-11 17:27:43,656 | core.logger | INFO | Остановка бота...
2025-11-11 17:27:43,656 | core.logger | INFO | Викторины остановлены. Бот завершил работу.
2025-11-11 17:27:43,657 | core.logger | INFO | Бот остановлен пользователем
2025-11-11 17:27:43,668 | asyncio | ERROR | Unclosed client session
client_session: <aiohttp.client.ClientSession object at 0x0000000004EA1BD0>
