2025-11-11 17:58:49,977 | core.logger | INFO | Логгер инициализирован. Лог-файл: bot_data\logs\bot_2025-11-11_17-58-49.log
2025-11-11 17:58:49,978 | core.logger | INFO | Инициализация сервисов...
2025-11-11 17:58:49,982 | core.logger | INFO | Бот запущен. Ожидание событий...
2025-11-11 17:58:50,062 | dispatcher | INFO | Бот: @t75_hakaton_bot first_name=Хакатон 75 id=74579177
2025-11-11 17:58:50,063 | dispatcher | INFO | 18 событий на обработку
2025-11-11 17:59:03,968 | core.logger | INFO | Получена команда /start от user_id=95639429
2025-11-11 17:59:04,067 | dispatcher | INFO | Обработано: router_id: 0 | UpdateType.MESSAGE_CREATED | chat_id: 29535084, user_id: 95639429
2025-11-11 17:59:06,471 | core.logger | INFO | Получена команда /start_quiz от user_id=95639429
2025-11-11 17:59:06,567 | dispatcher | INFO | Обработано: router_id: 0 | UpdateType.MESSAGE_CALLBACK | chat_id: 29535084, user_id: 95639429
2025-11-11 17:59:15,654 | core.logger | INFO | Получена команда /stop_quiz от user_id=95639429
2025-11-11 17:59:15,655 | services.quiz_manager | INFO | Quiz stopped for user 95639429
2025-11-11 17:59:15,748 | dispatcher | INFO | Обработано: router_id: 0 | UpdateType.MESSAGE_CALLBACK | chat_id: 29535084, user_id: 95639429
2025-11-11 17:59:20,601 | core.logger | INFO | Получена команда /stats от user_id=95639429
2025-11-11 17:59:20,693 | dispatcher | INFO | Обработано: router_id: 0 | UpdateType.MESSAGE_CALLBACK | chat_id: 29535084, user_id: 95639429
2025-11-11 17:59:31,318 | core.logger | INFO | Получена команда /start_quiz от user_id=95639429
2025-11-11 17:59:31,319 | services.quiz_manager | INFO | Smart quiz started for user 95639429
2025-11-11 17:59:31,418 | dispatcher | INFO | Обработано: router_id: 0 | UpdateType.MESSAGE_CALLBACK | chat_id: 29535084, user_id: 95639429
2025-11-11 18:01:56,935 | core.logger | INFO | Получена команда /stop_quiz от user_id=95639429
2025-11-11 18:01:56,936 | services.quiz_manager | INFO | Quiz stopped for user 95639429
2025-11-11 18:01:57,030 | dispatcher | INFO | Обработано: router_id: 0 | UpdateType.MESSAGE_CALLBACK | chat_id: 29535084, user_id: 95639429
2025-11-11 18:01:58,504 | core.logger | INFO | Получена команда /settings от user_id=95639429
2025-11-11 18:01:58,600 | dispatcher | INFO | Обработано: router_id: 0 | UpdateType.MESSAGE_CALLBACK | chat_id: 29535084, user_id: 95639429
2025-11-11 18:02:09,905 | core.logger | INFO | Получена команда /set_interval от user_id=95639429
2025-11-11 18:02:09,999 | dispatcher | INFO | Обработано: router_id: 0 | UpdateType.MESSAGE_CREATED | chat_id: 29535084, user_id: 95639429
2025-11-11 18:02:13,228 | dispatcher | INFO | Проигнорировано: router_id: 0 | UpdateType.MESSAGE_EDITED | chat_id: 29535084, user_id: 74579177
2025-11-11 18:02:18,872 | core.logger | INFO | Получена команда /set_interval от user_id=95639429
2025-11-11 18:02:18,971 | dispatcher | INFO | Обработано: router_id: 0 | UpdateType.MESSAGE_CREATED | chat_id: 29535084, user_id: 95639429
2025-11-11 18:02:22,685 | core.logger | INFO | Получена команда /set_interval от user_id=95639429
2025-11-11 18:02:22,780 | dispatcher | INFO | Обработано: router_id: 0 | UpdateType.MESSAGE_CREATED | chat_id: 29535084, user_id: 95639429
2025-11-11 18:02:32,123 | core.logger | INFO | Получена команда /start от user_id=95639429
2025-11-11 18:02:32,221 | dispatcher | INFO | Обработано: router_id: 0 | UpdateType.MESSAGE_CREATED | chat_id: 29535084, user_id: 95639429
2025-11-11 18:02:33,663 | core.logger | INFO | Получена команда /stats от user_id=95639429
2025-11-11 18:02:33,756 | dispatcher | INFO | Обработано: router_id: 0 | UpdateType.MESSAGE_CALLBACK | chat_id: 29535084, user_id: 95639429
2025-11-11 18:02:35,900 | core.logger | INFO | Получена команда /start_quiz от user_id=95639429
2025-11-11 18:02:35,901 | services.quiz_manager | INFO | Smart quiz started for user 95639429
2025-11-11 18:02:35,996 | dispatcher | INFO | Обработано: router_id: 0 | UpdateType.MESSAGE_CALLBACK | chat_id: 29535084, user_id: 95639429
2025-11-11 18:03:18,012 | services.quiz_manager | INFO | Sent smart question to 95639429: 2 + 2?
2025-11-11 18:03:21,782 | dispatcher | INFO | Обработано: router_id: 0 | UpdateType.MESSAGE_CREATED | chat_id: 29535084, user_id: 95639429
2025-11-11 18:04:17,108 | services.quiz_manager | INFO | Sent smart question to 95639429: Столица Франции
2025-11-11 18:04:30,486 | dispatcher | INFO | Обработано: router_id: 0 | UpdateType.MESSAGE_CREATED | chat_id: 29535084, user_id: 95639429
2025-11-11 18:06:50,218 | services.quiz_manager | INFO | Sent smart question to 95639429: Столица
2025-11-11 18:06:55,915 | dispatcher | INFO | Обработано: router_id: 0 | UpdateType.MESSAGE_CREATED | chat_id: 29535084, user_id: 95639429
2025-11-11 18:07:03,422 | core.logger | INFO | Получена команда /stop_quiz от user_id=95639429
2025-11-11 18:07:03,423 | services.quiz_manager | INFO | Quiz stopped for user 95639429
2025-11-11 18:07:03,483 | dispatcher | INFO | Обработано: router_id: 0 | UpdateType.MESSAGE_CALLBACK | chat_id: 29535084, user_id: 95639429
2025-11-11 18:07:12,291 | dispatcher | INFO | Обработано: router_id: 0 | UpdateType.MESSAGE_CREATED | chat_id: 29535084, user_id: 95639429
2025-11-11 18:07:18,919 | core.logger | INFO | Получена команда /stats от user_id=95639429
2025-11-11 18:07:18,988 | dispatcher | INFO | Обработано: router_id: 0 | UpdateType.MESSAGE_CALLBACK | chat_id: 29535084, user_id: 95639429
2025-11-11 18:07:19,653 | core.logger | INFO | Получена команда /stats от user_id=95639429
2025-11-11 18:07:19,712 | dispatcher | INFO | Обработано: router_id: 0 | UpdateType.MESSAGE_CALLBACK | chat_id: 29535084, user_id: 95639429
2025-11-11 18:08:49,225 | services.quiz_manager | WARNING | Запущен smart_quiz_scheduler для 95639429, task_id=83628032
2025-11-11 18:11:03,429 | core.logger | INFO | Остановка бота...
2025-11-11 18:11:03,429 | core.logger | INFO | Викторины остановлены. Бот завершил работу.
2025-11-11 18:11:03,431 | core.logger | INFO | Бот остановлен пользователем
2025-11-11 18:11:03,443 | asyncio | ERROR | Unclosed client session
client_session: <aiohttp.client.ClientSession object at 0x0000000004EA1B50>
