2025-11-11 17:15:11,312 | core.logger | INFO | Логгер инициализирован. Лог-файл: bot_data\logs\bot_2025-11-11_17-15-11.log
2025-11-11 17:15:11,313 | core.logger | INFO | Инициализация сервисов...
2025-11-11 17:15:11,317 | core.logger | INFO | Бот запущен. Ожидание событий...
2025-11-11 17:15:11,398 | dispatcher | INFO | Бот: @t75_hakaton_bot first_name=Хакатон 75 id=74579177
2025-11-11 17:15:11,398 | dispatcher | INFO | 18 событий на обработку
2025-11-11 17:15:18,454 | core.logger | INFO | Получена команда /start от user_id=95639429
2025-11-11 17:15:18,557 | dispatcher | INFO | Обработано: router_id: 0 | UpdateType.MESSAGE_CREATED | chat_id: 29535084, user_id: 95639429
2025-11-11 17:15:20,540 | core.logger | INFO | Получена команда /stats от user_id=95639429
2025-11-11 17:15:20,638 | dispatcher | INFO | Обработано: router_id: 0 | UpdateType.MESSAGE_CALLBACK | chat_id: 29535084, user_id: 95639429
2025-11-11 17:15:25,163 | core.logger | INFO | Получена команда /start_quiz от user_id=95639429
2025-11-11 17:15:25,166 | services.quiz_manager | INFO | Smart quiz started for user 95639429
2025-11-11 17:15:25,259 | dispatcher | INFO | Обработано: router_id: 0 | UpdateType.MESSAGE_CALLBACK | chat_id: 29535084, user_id: 95639429
2025-11-11 17:17:17,298 | services.quiz_manager | ERROR | Error sending question to 95639429: Storage.update_user_stats() got an unexpected keyword argument 'total_study_time_minutes'
2025-11-11 17:17:20,381 | dispatcher | INFO | Обработано: router_id: 0 | UpdateType.MESSAGE_CREATED | chat_id: 29535084, user_id: 95639429
2025-11-11 17:17:30,018 | core.logger | INFO | Получена команда /stop_quiz от user_id=95639429
2025-11-11 17:17:30,019 | services.quiz_manager | INFO | Quiz stopped for user 95639429
2025-11-11 17:17:30,208 | dispatcher | INFO | Обработано: router_id: 0 | UpdateType.MESSAGE_CALLBACK | chat_id: 29535084, user_id: 95639429
2025-11-11 17:17:32,400 | core.logger | INFO | Получена команда /stats от user_id=95639429
2025-11-11 17:17:32,498 | dispatcher | INFO | Обработано: router_id: 0 | UpdateType.MESSAGE_CALLBACK | chat_id: 29535084, user_id: 95639429
2025-11-11 17:17:44,089 | core.logger | INFO | Остановка бота...
2025-11-11 17:17:44,089 | core.logger | INFO | Викторины остановлены. Бот завершил работу.
2025-11-11 17:17:44,090 | core.logger | INFO | Бот остановлен пользователем
2025-11-11 17:17:44,100 | asyncio | ERROR | Unclosed client session
client_session: <aiohttp.client.ClientSession object at 0x0000000004EA1990>
2025-11-11 17:17:44,100 | asyncio | ERROR | Unclosed connector
connections: ['deque([(<aiohttp.client_proto.ResponseHandler object at 0x0000000004F9DD30>, 8552.14)])']
connector: <aiohttp.connector.TCPConnector object at 0x0000000004EA1A90>
