2025-11-12 17:28:39,932 | core.logger | INFO | Логгер инициализирован. Лог-файл: bot_data\logs\bot_2025-11-12_17-28-39.log
2025-11-12 17:28:39,932 | core.logger | INFO | Инициализация сервисов...
2025-11-12 17:28:39,939 | core.logger | INFO | Бот запущен. Ожидание событий...
2025-11-12 17:28:40,008 | dispatcher | INFO | Бот: @t75_hakaton_bot first_name=Хакатон 75 id=74579177
2025-11-12 17:28:40,009 | dispatcher | INFO | 18 событий на обработку
2025-11-12 17:28:45,214 | core.logger | INFO | Получена команда /start от user_id=95639429
2025-11-12 17:28:45,299 | dispatcher | INFO | Обработано: router_id: 0 | UpdateType.MESSAGE_CREATED | chat_id: 29535084, user_id: 95639429
2025-11-12 17:28:47,182 | core.logger | INFO | Получена команда /stats от user_id=95639429
2025-11-12 17:28:47,267 | dispatcher | INFO | Обработано: router_id: 0 | UpdateType.MESSAGE_CALLBACK | chat_id: 29535084, user_id: 95639429
2025-11-12 17:28:51,884 | core.logger | INFO | Получена команда /start_quiz от user_id=95639429
2025-11-12 17:28:51,887 | services.quiz_manager | INFO | Smart quiz started for user 95639429
2025-11-12 17:28:51,973 | dispatcher | INFO | Обработано: router_id: 0 | UpdateType.MESSAGE_CALLBACK | chat_id: 29535084, user_id: 95639429
2025-11-12 17:29:01,156 | core.logger | INFO | Получена команда /stop_quiz от user_id=95639429
2025-11-12 17:29:01,156 | services.quiz_manager | INFO | Quiz stopped for user 95639429
2025-11-12 17:29:01,240 | dispatcher | INFO | Обработано: router_id: 0 | UpdateType.MESSAGE_CALLBACK | chat_id: 29535084, user_id: 95639429
2025-11-12 17:29:03,355 | core.logger | INFO | Получена команда /stats от user_id=95639429
2025-11-12 17:29:03,435 | dispatcher | INFO | Обработано: router_id: 0 | UpdateType.MESSAGE_CALLBACK | chat_id: 29535084, user_id: 95639429
2025-11-12 17:29:07,957 | core.logger | INFO | Получена команда /start_quiz от user_id=95639429
2025-11-12 17:29:07,958 | services.quiz_manager | INFO | Smart quiz started for user 95639429
2025-11-12 17:29:08,043 | dispatcher | INFO | Обработано: router_id: 0 | UpdateType.MESSAGE_CALLBACK | chat_id: 29535084, user_id: 95639429
2025-11-12 17:29:12,925 | core.logger | INFO | Получена команда /stop_quiz от user_id=95639429
2025-11-12 17:29:12,926 | services.quiz_manager | INFO | Quiz stopped for user 95639429
2025-11-12 17:29:13,017 | dispatcher | INFO | Обработано: router_id: 0 | UpdateType.MESSAGE_CALLBACK | chat_id: 29535084, user_id: 95639429
2025-11-12 17:29:15,397 | core.logger | INFO | Получена команда /settings от user_id=95639429
2025-11-12 17:29:15,496 | dispatcher | INFO | Обработано: router_id: 0 | UpdateType.MESSAGE_CALLBACK | chat_id: 29535084, user_id: 95639429
2025-11-12 17:29:24,264 | core.logger | INFO | Получена команда /set_interval от user_id=95639429
2025-11-12 17:29:24,348 | dispatcher | INFO | Обработано: router_id: 0 | UpdateType.MESSAGE_CREATED | chat_id: 29535084, user_id: 95639429
2025-11-12 17:29:30,592 | core.logger | INFO | Получена команда /start_quiz от user_id=95639429
2025-11-12 17:29:30,594 | services.quiz_manager | INFO | Smart quiz started for user 95639429
2025-11-12 17:29:30,677 | dispatcher | INFO | Обработано: router_id: 0 | UpdateType.MESSAGE_CALLBACK | chat_id: 29535084, user_id: 95639429
2025-11-12 17:30:00,431 | dispatcher | INFO | Обработано: router_id: 0 | UpdateType.MESSAGE_CALLBACK | chat_id: 29535084, user_id: 95639429
2025-11-12 17:30:03,963 | dispatcher | INFO | Обработано: router_id: 0 | UpdateType.MESSAGE_CREATED | chat_id: 29535084, user_id: 95639429
2025-11-12 17:30:17,721 | services.quiz_manager | INFO | Sent smart question to 95639429: 2 + 2 * 2?
2025-11-12 17:30:20,589 | dispatcher | INFO | Обработано: router_id: 0 | UpdateType.MESSAGE_CREATED | chat_id: 29535084, user_id: 95639429
2025-11-12 17:30:30,771 | core.logger | INFO | Получена команда /stop_quiz от user_id=95639429
2025-11-12 17:30:30,771 | services.quiz_manager | INFO | Quiz stopped for user 95639429
2025-11-12 17:30:30,857 | dispatcher | INFO | Обработано: router_id: 0 | UpdateType.MESSAGE_CALLBACK | chat_id: 29535084, user_id: 95639429
2025-11-12 17:30:34,414 | dispatcher | INFO | Обработано: router_id: 0 | UpdateType.MESSAGE_CREATED | chat_id: 29535084, user_id: 95639429
2025-11-12 17:30:51,729 | services.quiz_manager | WARNING | Запущен smart_quiz_scheduler для 95639429, task_id=83627840
2025-11-12 17:31:05,326 | core.logger | INFO | Остановка бота...
2025-11-12 17:31:05,327 | core.logger | INFO | Викторины остановлены. Бот завершил работу.
2025-11-12 17:31:05,328 | core.logger | INFO | Бот остановлен пользователем
2025-11-12 17:31:05,347 | asyncio | ERROR | Unclosed client session
client_session: <aiohttp.client.ClientSession object at 0x00000000031D1F50>
