2025-11-11 16:48:44,455 | core.logger | INFO | Логгер инициализирован. Лог-файл: bot_data\logs\bot_2025-11-11_16-48-44.log
2025-11-11 16:48:44,456 | core.logger | INFO | Инициализация сервисов...
2025-11-11 16:48:44,463 | core.logger | INFO | Бот запущен. Ожидание событий...
2025-11-11 16:48:44,548 | dispatcher | INFO | Бот: @t75_hakaton_bot first_name=Хакатон 75 id=74579177
2025-11-11 16:48:44,549 | dispatcher | INFO | 18 событий на обработку
2025-11-11 16:48:49,625 | core.logger | INFO | Получена команда /start от user_id=95639429
2025-11-11 16:48:49,696 | dispatcher | INFO | Обработано: router_id: 0 | UpdateType.MESSAGE_CREATED | chat_id: 29535084, user_id: 95639429
2025-11-11 16:48:50,787 | core.logger | INFO | Получена команда /settings от user_id=95639429
2025-11-11 16:48:50,890 | dispatcher | INFO | Обработано: router_id: 0 | UpdateType.MESSAGE_CALLBACK | chat_id: 29535084, user_id: 95639429
2025-11-11 16:48:58,904 | core.logger | INFO | Получена команда /set_interval от user_id=95639429
2025-11-11 16:48:58,966 | dispatcher | INFO | Обработано: router_id: 0 | UpdateType.MESSAGE_CREATED | chat_id: 29535084, user_id: 95639429
2025-11-11 16:49:04,378 | core.logger | INFO | Получена команда /start от user_id=95639429
2025-11-11 16:49:04,442 | dispatcher | INFO | Обработано: router_id: 0 | UpdateType.MESSAGE_CREATED | chat_id: 29535084, user_id: 95639429
2025-11-11 16:49:07,715 | core.logger | INFO | Получена команда /my_qa от user_id=95639429
2025-11-11 16:49:07,796 | dispatcher | INFO | Обработано: router_id: 0 | UpdateType.MESSAGE_CALLBACK | chat_id: 29535084, user_id: 95639429
2025-11-11 16:49:13,587 | dispatcher | INFO | Обработано: router_id: 0 | UpdateType.MESSAGE_CALLBACK | chat_id: 29535084, user_id: 95639429
2025-11-11 16:49:24,837 | core.logger | INFO | Получена команда /add_qa от user_id=95639429
2025-11-11 16:49:24,898 | dispatcher | INFO | Обработано: router_id: 0 | UpdateType.MESSAGE_CREATED | chat_id: 29535084, user_id: 95639429
2025-11-11 16:49:32,467 | core.logger | INFO | Получена команда /add_qa от user_id=95639429
2025-11-11 16:49:32,542 | dispatcher | INFO | Обработано: router_id: 0 | UpdateType.MESSAGE_CREATED | chat_id: 29535084, user_id: 95639429
2025-11-11 16:49:41,386 | core.logger | INFO | Получена команда /my_qa от user_id=95639429
2025-11-11 16:49:41,453 | dispatcher | INFO | Обработано: router_id: 0 | UpdateType.MESSAGE_CALLBACK | chat_id: 29535084, user_id: 95639429
2025-11-11 16:49:47,098 | core.logger | INFO | Получена команда /start_quiz от user_id=95639429
2025-11-11 16:49:47,101 | services.quiz_manager | INFO | Smart quiz started for user 95639429
2025-11-11 16:49:47,176 | dispatcher | INFO | Обработано: router_id: 0 | UpdateType.MESSAGE_CALLBACK | chat_id: 29535084, user_id: 95639429
2025-11-11 16:49:59,089 | core.logger | INFO | Получена команда /add_qa от user_id=95639429
2025-11-11 16:49:59,167 | dispatcher | INFO | Обработано: router_id: 0 | UpdateType.MESSAGE_CREATED | chat_id: 29535084, user_id: 95639429
2025-11-11 16:50:31,199 | services.quiz_manager | ERROR | Error sending question to 95639429: Storage.update_user_settings() takes 2 positional arguments but 3 were given
2025-11-11 16:50:48,575 | dispatcher | INFO | Обработано: router_id: 0 | UpdateType.MESSAGE_CREATED | chat_id: 29535084, user_id: 95639429
2025-11-11 16:50:52,847 | dispatcher | INFO | Обработано: router_id: 0 | UpdateType.MESSAGE_CREATED | chat_id: 29535084, user_id: 95639429
2025-11-11 16:50:55,984 | dispatcher | INFO | Обработано: router_id: 0 | UpdateType.MESSAGE_CREATED | chat_id: 29535084, user_id: 95639429
2025-11-11 16:51:11,292 | services.quiz_manager | ERROR | Error sending question to 95639429: Storage.update_user_settings() takes 2 positional arguments but 3 were given
2025-11-11 16:51:25,492 | dispatcher | INFO | Обработано: router_id: 0 | UpdateType.MESSAGE_CREATED | chat_id: 29535084, user_id: 95639429
2025-11-11 16:52:07,404 | services.quiz_manager | ERROR | Error sending question to 95639429: Storage.update_user_settings() takes 2 positional arguments but 3 were given
2025-11-11 16:52:14,962 | dispatcher | INFO | Обработано: router_id: 0 | UpdateType.MESSAGE_CREATED | chat_id: 29535084, user_id: 95639429
2025-11-11 16:53:53,533 | services.quiz_manager | ERROR | Error sending question to 95639429: Storage.update_user_settings() takes 2 positional arguments but 3 were given
2025-11-11 16:54:00,066 | dispatcher | INFO | Обработано: router_id: 0 | UpdateType.MESSAGE_CREATED | chat_id: 29535084, user_id: 95639429
2025-11-11 16:54:38,803 | core.logger | INFO | Получена команда /start от user_id=95639429
2025-11-11 16:54:38,881 | dispatcher | INFO | Обработано: router_id: 0 | UpdateType.MESSAGE_CREATED | chat_id: 29535084, user_id: 95639429
2025-11-11 16:54:41,827 | core.logger | INFO | Получена команда /settings от user_id=95639429
2025-11-11 16:54:41,907 | dispatcher | INFO | Обработано: router_id: 0 | UpdateType.MESSAGE_CALLBACK | chat_id: 29535084, user_id: 95639429
2025-11-11 16:54:51,433 | core.logger | INFO | Получена команда /stop_quiz от user_id=95639429
2025-11-11 16:54:51,434 | services.quiz_manager | INFO | Quiz stopped for user 95639429
2025-11-11 16:54:51,498 | dispatcher | INFO | Обработано: router_id: 0 | UpdateType.MESSAGE_CALLBACK | chat_id: 29535084, user_id: 95639429
2025-11-11 16:55:36,536 | services.quiz_manager | WARNING | Запущен smart_quiz_scheduler для 95639429, task_id=83577536
2025-11-11 16:56:18,426 | core.logger | INFO | Получена команда /settings от user_id=95639429
2025-11-11 16:56:18,499 | dispatcher | INFO | Обработано: router_id: 0 | UpdateType.MESSAGE_CALLBACK | chat_id: 29535084, user_id: 95639429
2025-11-11 17:07:32,893 | core.logger | INFO | Остановка бота...
2025-11-11 17:07:32,893 | core.logger | INFO | Викторины остановлены. Бот завершил работу.
2025-11-11 17:07:32,894 | core.logger | INFO | Бот остановлен пользователем
2025-11-11 17:07:32,905 | asyncio | ERROR | Unclosed client session
client_session: <aiohttp.client.ClientSession object at 0x0000000004E8F550>
